<?xml version="1.0" encoding="UTF-8"?>
<!-- Generated by org.testng.reporters.JUnitXMLReporter -->
<testsuite ignored="0" hostname="KL-83.local" failures="0" tests="3" name="Test" time="0.155" errors="0" timestamp="2021-10-03T14:46:51 GST">
  <testcase classname="Web_Automation.WebStartOne" name="Login" time="0.011"/>
  <testcase classname="Web_Automation.WebStartOne" name="Login1" time="0.003"/>
  <testcase classname="Web_Automation.WebStartOne" name="Login2" time="0.001"/>
</testsuite> <!-- Test -->
