<?xml version="1.0" encoding="UTF-8"?>
<testng-results ignored="0" total="1" passed="1" failed="0" skipped="0">
  <reporter-output>
  </reporter-output>
  <suite started-at="2021-09-28T22:58:26 GST" name="Default suite" finished-at="2021-09-28T22:58:29 GST" duration-ms="2056">
    <groups>
    </groups>
    <test started-at="2021-09-28T22:58:26 GST" name="Default test" finished-at="2021-09-28T22:58:29 GST" duration-ms="2056">
      <class name="api_Automation.FirstAPI">
        <test-method signature="TC008()[pri:0, instance:api_Automation.FirstAPI@2f8dad04]" started-at="2021-09-28T22:58:27 GST" name="TC008" finished-at="2021-09-28T22:58:29 GST" duration-ms="2027" status="PASS">
          <reporter-output>
          </reporter-output>
        </test-method> <!-- TC008 -->
      </class> <!-- api_Automation.FirstAPI -->
    </test> <!-- Default test -->
  </suite> <!-- Default suite -->
</testng-results>
