<?xml version="1.0" encoding="UTF-8"?>
<testng-results ignored="0" total="3" passed="3" failed="0" skipped="0">
  <reporter-output>
  </reporter-output>
  <suite started-at="2021-10-03T14:46:50 GST" name="Suite" finished-at="2021-10-03T14:46:51 GST" duration-ms="155">
    <groups>
    </groups>
    <test started-at="2021-10-03T14:46:50 GST" name="Test" finished-at="2021-10-03T14:46:51 GST" duration-ms="155">
      <class name="Web_Automation.WebStartOne">
        <test-method signature="Login()[pri:0, instance:Web_Automation.WebStartOne@1a4013]" started-at="2021-10-03T14:46:51 GST" name="Login" finished-at="2021-10-03T14:46:51 GST" duration-ms="11" status="PASS">
          <reporter-output>
          </reporter-output>
        </test-method> <!-- Login -->
        <test-method signature="Login1()[pri:0, instance:Web_Automation.WebStartOne@1a4013]" started-at="2021-10-03T14:46:51 GST" name="Login1" finished-at="2021-10-03T14:46:51 GST" duration-ms="3" status="PASS">
          <reporter-output>
          </reporter-output>
        </test-method> <!-- Login1 -->
        <test-method signature="Login2()[pri:0, instance:Web_Automation.WebStartOne@1a4013]" started-at="2021-10-03T14:46:51 GST" name="Login2" finished-at="2021-10-03T14:46:51 GST" duration-ms="1" status="PASS">
          <reporter-output>
          </reporter-output>
        </test-method> <!-- Login2 -->
      </class> <!-- Web_Automation.WebStartOne -->
    </test> <!-- Test -->
  </suite> <!-- Suite -->
</testng-results>
